生成启动时间为 2013-8-27 7:33:40。
     1>项目“E:\cocos2dxapi\cocos2dxworkspace\LianLianKan\proj.win32\LianLianKan.win32.vcxproj”在节点 2 上(build 个目标)。
     1>InitializeBuildStatus:
         正在创建“Debug.win32\LianLianKan.win32.unsuccessfulbuild”，因为已指定“AlwaysCreate”。
       ClCompile:
         e:\MicrosoftVisualStudio10.0\VC\bin\CL.exe /c /I. /I..\Classes /I"E:\cocos2dxapi\cocos2d-2.1rc0-x-2.1.3\cocos2dx" /I"E:\cocos2dxapi\cocos2d-2.1rc0-x-2.1.3\cocos2dx\include" /I"E:\cocos2dxapi\cocos2d-2.1rc0-x-2.1.3\cocos2dx\kazmath\include" /I"E:\cocos2dxapi\cocos2d-2.1rc0-x-2.1.3\cocos2dx\platform\win32" /I"E:\cocos2dxapi\cocos2d-2.1rc0-x-2.1.3\cocos2dx\platform\third_party\win32" /I"E:\cocos2dxapi\cocos2d-2.1rc0-x-2.1.3\cocos2dx\platform\third_party\win32\OGLES" /I"E:\cocos2dxapi\cocos2d-2.1rc0-x-2.1.3\CocosDenshion\include" /ZI /nologo /W3 /WX- /Od /Oy- /D WIN32 /D _WINDOWS /D STRICT /D _CRT_SECURE_NO_WARNINGS /D _SCL_SECURE_NO_WARNINGS_DEBUG /D COCOS2D_DEBUG=1 /D _UNICODE /D UNICODE /Gm /EHsc /RTC1 /MDd /GS /fp:precise /Zc:wchar_t /Zc:forScope /Fo"Debug.win32\\" /Fd"Debug.win32\vc100.pdb" /Gd /TP /wd4267 /wd4251 /wd4244 /analyze- /errorReport:prompt main.cpp
         main.cpp
       ResourceCompile:
         所有输出均为最新。
       ManifestResourceCompile:
         所有输出均为最新。
       Link:
         e:\MicrosoftVisualStudio10.0\VC\bin\link.exe /ERRORREPORT:PROMPT /OUT:"E:\cocos2dxapi\cocos2d-2.1rc0-x-2.1.3\Debug.win32\LianLianKan.win32.exe" /INCREMENTAL /NOLOGO /LIBPATH:"E:\cocos2dxapi\cocos2d-2.1rc0-x-2.1.3\Debug.win32\\" libcocos2d.lib opengl32.lib glew32.lib libCocosDenshion.lib kernel32.lib user32.lib gdi32.lib winspool.lib comdlg32.lib advapi32.lib shell32.lib ole32.lib oleaut32.lib uuid.lib odbc32.lib odbccp32.lib /MANIFEST /ManifestFile:"Debug.win32\LianLianKan.win32.exe.intermediate.manifest" /MANIFESTUAC:"level='asInvoker' uiAccess='false'" /DEBUG /PDB:"E:\cocos2dxapi\cocos2d-2.1rc0-x-2.1.3\Debug.win32\LianLianKan.win32.pdb" /SUBSYSTEM:WINDOWS /TLBID:1 /DYNAMICBASE /NXCOMPAT /IMPLIB:"E:\cocos2dxapi\cocos2d-2.1rc0-x-2.1.3\Debug.win32\LianLianKan.win32.lib" /MACHINE:X86 Debug.win32\LianLianKan.res
         Debug.win32\LianLianKan.win32.exe.embed.manifest.res
         Debug.win32\AppDelegate.obj
         Debug.win32\BaseLayer.obj
         Debug.win32\CustomSprite.obj
         Debug.win32\HelloWorldScene.obj
         Debug.win32\LLKAlgorithm.obj
         Debug.win32\LLKGameLayer.obj
         Debug.win32\LLKmapLayer.obj
         Debug.win32\main.obj
       Manifest:
         C:\Program Files\Microsoft SDKs\Windows\v7.0A\bin\mt.exe /nologo /verbose /out:"Debug.win32\LianLianKan.win32.exe.embed.manifest" /manifest Debug.win32\LianLianKan.win32.exe.intermediate.manifest
         所有输出均为最新。
       LinkEmbedManifest:
         所有输出均为最新。
         LianLianKan.win32.vcxproj -> E:\cocos2dxapi\cocos2d-2.1rc0-x-2.1.3\Debug.win32\LianLianKan.win32.exe
       FinalizeBuildStatus:
         正在删除文件“Debug.win32\LianLianKan.win32.unsuccessfulbuild”。
         正在对“Debug.win32\LianLianKan.win32.lastbuildstate”执行 Touch 任务。
     1>已完成生成项目“E:\cocos2dxapi\cocos2dxworkspace\LianLianKan\proj.win32\LianLianKan.win32.vcxproj”(build 个目标)的操作。

生成成功。

已用时间 00:00:03.84
